{
  "RSpec": {
    "coverage": {
      "/Users/rickmoore/Development/code/learn-prework/tic-tac-toe-rb/lib/tic_tac_toe.rb": [
        null,
        1,
        23,
        23,
        23,
        23,
        23,
        null,
        null,
        1,
        null,
        1,
        39,
        27,
        null,
        12,
        null,
        null,
        null,
        1,
        12,
        3,
        null,
        12,
        2,
        null,
        2,
        16,
        16,
        1,
        1,
        null,
        15,
        1,
        1,
        null,
        null,
        null,
        null,
        null,
        null,
        null,
        1,
        22,
        null,
        null,
        1,
        21,
        21,
        null,
        null,
        1,
        18,
        19,
        19,
        19,
        19,
        19,
        19,
        18,
        18,
        18,
        null,
        1,
        null,
        null,
        null,
        1,
        61,
        61,
        549,
        111,
        null,
        null,
        61,
        null,
        null,
        null,
        null,
        null,
        1,
        22,
        19,
        null,
        3,
        null,
        null,
        null,
        1,
        24,
        21,
        null,
        3,
        null,
        null,
        null,
        null,
        null,
        null,
        1,
        73,
        520,
        11,
        509,
        3,
        null,
        null,
        59,
        null,
        null,
        1,
        7,
        33,
        4,
        29,
        2,
        null,
        null,
        null,
        null,
        null,
        1,
        38,
        8,
        null,
        30,
        null,
        null,
        null,
        1,
        29,
        4,
        null,
        25,
        null,
        null,
        null,
        1,
        18,
        8,
        null,
        null
      ]
    },
    "timestamp": 1607185882
  }
}
